{"contentLength":"38","duration":37,"level":"info","message":"GET /?token=2Eh6e3pfWvXTp0yV3CyFEhKPjdI&search=%E0%B8%AA%E0%B8%A1%E0%B8%AB%E0%B8%A1%E0%B8%B2%E0%B8%A2","method":"GET","status":401,"timestamp":"2023-07-11 15:44:34","url":"/?token=2Eh6e3pfWvXTp0yV3CyFEhKPjdI&search=%E0%B8%AA%E0%B8%A1%E0%B8%AB%E0%B8%A1%E0%B8%B2%E0%B8%A2"}
{"contentLength":"35","duration":750,"level":"info","message":"GET /?token=29f8acebf6330f8d522466d92c846bbe8f46cef6a2482a7487eea686de62adfc&search=%E0%B8%AA%E0%B8%A1%E0%B8%AB%E0%B8%A1%E0%B8%B2%E0%B8%A2","method":"GET","status":200,"timestamp":"2023-07-11 15:46:51","url":"/?token=29f8acebf6330f8d522466d92c846bbe8f46cef6a2482a7487eea686de62adfc&search=%E0%B8%AA%E0%B8%A1%E0%B8%AB%E0%B8%A1%E0%B8%B2%E0%B8%A2"}
{"contentLength":"26","duration":283,"level":"info","message":"GET /?token=29f8acebf6330f8d522466d92c846bbe8f46cef6a2482a7487eea686de62adfc","method":"GET","status":200,"timestamp":"2023-07-11 15:47:03","url":"/?token=29f8acebf6330f8d522466d92c846bbe8f46cef6a2482a7487eea686de62adfc"}
{"contentLength":169,"duration":8,"level":"info","message":"GET /apireport/api/movement/pdfview?token=29f8acebf6330f8d522466d92c846bbe8f46cef6a2482a7487eea686de62adfc","method":"GET","status":404,"timestamp":"2023-07-11 15:47:16","url":"/apireport/api/movement/pdfview?token=29f8acebf6330f8d522466d92c846bbe8f46cef6a2482a7487eea686de62adfc"}
{"contentLength":"48","duration":1062,"level":"info","message":"GET /pdfview?token=29f8acebf6330f8d522466d92c846bbe8f46cef6a2482a7487eea686de62adfc","method":"GET","status":500,"timestamp":"2023-07-11 15:47:27","url":"/pdfview?token=29f8acebf6330f8d522466d92c846bbe8f46cef6a2482a7487eea686de62adfc"}
{"contentLength":3779,"duration":7,"level":"info","message":"GET /apireport/api/movement?token=0bdb65732d0e537182dd46c170677256277bdb788bba393411ba0f1cc9c420df","method":"GET","status":500,"timestamp":"2023-07-11 16:02:54","url":"/apireport/api/movement?token=0bdb65732d0e537182dd46c170677256277bdb788bba393411ba0f1cc9c420df"}
{"contentLength":"38","duration":7,"level":"info","message":"GET /?token=0bdb65732d0e537182dd46c170677256277bdb788bba393411ba0f1cc9c420df","method":"GET","status":401,"timestamp":"2023-07-11 16:06:46","url":"/?token=0bdb65732d0e537182dd46c170677256277bdb788bba393411ba0f1cc9c420df"}
{"contentLength":"38","duration":7,"level":"info","message":"GET /?token=0bdb65732d0e537182dd46c170677256277bdb788bba393411ba0f1cc9c420df","method":"GET","status":401,"timestamp":"2023-07-11 16:06:52","url":"/?token=0bdb65732d0e537182dd46c170677256277bdb788bba393411ba0f1cc9c420df"}
{"contentLength":"38","duration":7,"level":"info","message":"GET /?token=0bdb65732d0e537182dd46c170677256277bdb788bba393411ba0f1cc9c420df","method":"GET","status":401,"timestamp":"2023-07-11 16:07:03","url":"/?token=0bdb65732d0e537182dd46c170677256277bdb788bba393411ba0f1cc9c420df"}
{"contentLength":"38","duration":2,"level":"info","message":"GET /?token=0bdb65732d0e537182dd46c170677256277bdb788bba393411ba0f1cc9c420df","method":"GET","status":401,"timestamp":"2023-07-11 16:07:08","url":"/?token=0bdb65732d0e537182dd46c170677256277bdb788bba393411ba0f1cc9c420df"}
{"contentLength":3777,"duration":5,"level":"info","message":"GET /apireport/api/movement?token=0bdb65732d0e537182dd46c170677256277bdb788bba393411ba0f1cc9c420df","method":"GET","status":500,"timestamp":"2023-07-11 16:08:08","url":"/apireport/api/movement?token=0bdb65732d0e537182dd46c170677256277bdb788bba393411ba0f1cc9c420df"}
{"contentLength":"38","duration":5,"level":"info","message":"GET /?token=0bdb65732d0e537182dd46c170677256277bdb788bba393411ba0f1cc9c420df","method":"GET","status":401,"timestamp":"2023-07-11 16:08:24","url":"/?token=0bdb65732d0e537182dd46c170677256277bdb788bba393411ba0f1cc9c420df"}
{"contentLength":"38","duration":6,"level":"info","message":"GET /?token=0bdb65732d0e537182dd46c170677256277bdb788bba393411ba0f1cc9c420df","method":"GET","status":401,"timestamp":"2023-07-11 16:08:29","url":"/?token=0bdb65732d0e537182dd46c170677256277bdb788bba393411ba0f1cc9c420df"}
{"contentLength":"38","duration":9,"level":"info","message":"GET /?token=0bdb65732d0e537182dd46c170677256277bdb788bba393411ba0f1cc9c420df","method":"GET","status":401,"timestamp":"2023-07-11 16:08:30","url":"/?token=0bdb65732d0e537182dd46c170677256277bdb788bba393411ba0f1cc9c420df"}
{"contentLength":"38","duration":2,"level":"info","message":"GET /?token=0bdb65732d0e537182dd46c170677256277bdb788bba393411ba0f1cc9c420df","method":"GET","status":401,"timestamp":"2023-07-11 16:08:30","url":"/?token=0bdb65732d0e537182dd46c170677256277bdb788bba393411ba0f1cc9c420df"}
{"contentLength":"38","duration":5,"level":"info","message":"GET /?token=0bdb65732d0e537182dd46c170677256277bdb788bba393411ba0f1cc9c420df","method":"GET","status":401,"timestamp":"2023-07-11 16:08:37","url":"/?token=0bdb65732d0e537182dd46c170677256277bdb788bba393411ba0f1cc9c420df"}
{"contentLength":"38","duration":1,"level":"info","message":"GET /?token=0bdb65732d0e537182dd46c170677256277bdb788bba393411ba0f1cc9c420df","method":"GET","status":401,"timestamp":"2023-07-11 16:08:37","url":"/?token=0bdb65732d0e537182dd46c170677256277bdb788bba393411ba0f1cc9c420df"}
{"contentLength":"38","duration":8,"level":"info","message":"GET /?token=0bdb65732d0e537182dd46c170677256277bdb788bba393411ba0f1cc9c420df","method":"GET","status":401,"timestamp":"2023-07-11 16:11:31","url":"/?token=0bdb65732d0e537182dd46c170677256277bdb788bba393411ba0f1cc9c420df"}
{"contentLength":"38","duration":1,"level":"info","message":"GET /?token=0bdb65732d0e537182dd46c170677256277bdb788bba393411ba0f1cc9c420df","method":"GET","status":401,"timestamp":"2023-07-11 16:11:38","url":"/?token=0bdb65732d0e537182dd46c170677256277bdb788bba393411ba0f1cc9c420df"}
{"contentLength":"38","duration":10,"level":"info","message":"GET /?token=0bdb65732d0e537182dd46c170677256277bdb788bba393411ba0f1cc9c420df","method":"GET","status":401,"timestamp":"2023-07-11 16:11:53","url":"/?token=0bdb65732d0e537182dd46c170677256277bdb788bba393411ba0f1cc9c420df"}
{"contentLength":"38","duration":10,"level":"info","message":"GET /?token=0bdb65732d0e537182dd46c170677256277bdb788bba393411ba0f1cc9c420df","method":"GET","status":401,"timestamp":"2023-07-11 16:11:55","url":"/?token=0bdb65732d0e537182dd46c170677256277bdb788bba393411ba0f1cc9c420df"}
{"contentLength":"38","duration":5,"level":"info","message":"GET /?token=0bdb65732d0e537182dd46c170677256277bdb788bba393411ba0f1cc9c420df","method":"GET","status":401,"timestamp":"2023-07-11 16:11:56","url":"/?token=0bdb65732d0e537182dd46c170677256277bdb788bba393411ba0f1cc9c420df"}
{"contentLength":"38","duration":6,"level":"info","message":"GET /?token=0bdb65732d0e537182dd46c170677256277bdb788bba393411ba0f1cc9c420df","method":"GET","status":401,"timestamp":"2023-07-11 16:11:58","url":"/?token=0bdb65732d0e537182dd46c170677256277bdb788bba393411ba0f1cc9c420df"}
{"contentLength":"38","duration":13,"level":"info","message":"GET /?token=0bdb65732d0e537182dd46c170677256277bdb788bba393411ba0f1cc9c420df","method":"GET","status":401,"timestamp":"2023-07-11 16:12:24","url":"/?token=0bdb65732d0e537182dd46c170677256277bdb788bba393411ba0f1cc9c420df"}
{"contentLength":"38","duration":7,"level":"info","message":"GET /?token=0bdb65732d0e537182dd46c170677256277bdb788bba393411ba0f1cc9c420df","method":"GET","status":401,"timestamp":"2023-07-11 16:12:26","url":"/?token=0bdb65732d0e537182dd46c170677256277bdb788bba393411ba0f1cc9c420df"}
{"contentLength":"38","duration":19,"level":"info","message":"GET /?token=0bdb65732d0e537182dd46c170677256277bdb788bba393411ba0f1cc9c420df","method":"GET","status":401,"timestamp":"2023-07-11 16:12:38","url":"/?token=0bdb65732d0e537182dd46c170677256277bdb788bba393411ba0f1cc9c420df"}
{"contentLength":"38","duration":5,"level":"info","message":"GET /?token=0bdb65732d0e537182dd46c170677256277bdb788bba393411ba0f1cc9c420df","method":"GET","status":401,"timestamp":"2023-07-11 16:12:39","url":"/?token=0bdb65732d0e537182dd46c170677256277bdb788bba393411ba0f1cc9c420df"}
{"contentLength":"38","duration":6,"level":"info","message":"GET /?token=0bdb65732d0e537182dd46c170677256277bdb788bba393411ba0f1cc9c420df","method":"GET","status":401,"timestamp":"2023-07-11 16:12:45","url":"/?token=0bdb65732d0e537182dd46c170677256277bdb788bba393411ba0f1cc9c420df"}
{"contentLength":"38","duration":13,"level":"info","message":"GET /?token=0bdb65732d0e537182dd46c170677256277bdb788bba393411ba0f1cc9c420df","method":"GET","status":401,"timestamp":"2023-07-11 16:12:48","url":"/?token=0bdb65732d0e537182dd46c170677256277bdb788bba393411ba0f1cc9c420df"}
{"contentLength":"38","duration":6,"level":"info","message":"GET /?token=0bdb65732d0e537182dd46c170677256277bdb788bba393411ba0f1cc9c420df","method":"GET","status":401,"timestamp":"2023-07-11 16:12:49","url":"/?token=0bdb65732d0e537182dd46c170677256277bdb788bba393411ba0f1cc9c420df"}
{"contentLength":306,"duration":7,"level":"info","message":"GET /apireport/api/movement?token=0bdb65732d0e537182dd46c170677256277bdb788bba393411ba0f1cc9c420df","method":"GET","status":500,"timestamp":"2023-07-11 16:15:22","url":"/apireport/api/movement?token=0bdb65732d0e537182dd46c170677256277bdb788bba393411ba0f1cc9c420df"}
{"contentLength":306,"duration":4,"level":"info","message":"GET /apireport/api/movement?token=0bdb65732d0e537182dd46c170677256277bdb788bba393411ba0f1cc9c420df","method":"GET","status":500,"timestamp":"2023-07-11 16:15:33","url":"/apireport/api/movement?token=0bdb65732d0e537182dd46c170677256277bdb788bba393411ba0f1cc9c420df"}
{"contentLength":306,"duration":14,"level":"info","message":"GET /apireport/api/movement?token=0bdb65732d0e537182dd46c170677256277bdb788bba393411ba0f1cc9c420df","method":"GET","status":500,"timestamp":"2023-07-11 16:15:45","url":"/apireport/api/movement?token=0bdb65732d0e537182dd46c170677256277bdb788bba393411ba0f1cc9c420df"}
{"contentLength":306,"duration":5,"level":"info","message":"GET /apireport/api/movement?token=0bdb65732d0e537182dd46c170677256277bdb788bba393411ba0f1cc9c420df","method":"GET","status":500,"timestamp":"2023-07-11 16:15:56","url":"/apireport/api/movement?token=0bdb65732d0e537182dd46c170677256277bdb788bba393411ba0f1cc9c420df"}
{"contentLength":306,"duration":13,"level":"info","message":"GET /apireport/api/movement?token=0bdb65732d0e537182dd46c170677256277bdb788bba393411ba0f1cc9c420df","method":"GET","status":500,"timestamp":"2023-07-11 16:16:42","url":"/apireport/api/movement?token=0bdb65732d0e537182dd46c170677256277bdb788bba393411ba0f1cc9c420df"}
{"contentLength":306,"duration":8,"level":"info","message":"GET /apireport/api/movement?token=0bdb65732d0e537182dd46c170677256277bdb788bba393411ba0f1cc9c420df","method":"GET","status":500,"timestamp":"2023-07-11 16:17:49","url":"/apireport/api/movement?token=0bdb65732d0e537182dd46c170677256277bdb788bba393411ba0f1cc9c420df"}
{"contentLength":"38","duration":17,"level":"info","message":"GET /?token=0bdb65732d0e537182dd46c170677256277bdb788bba393411ba0f1cc9c420df","method":"GET","status":401,"timestamp":"2023-07-11 16:18:07","url":"/?token=0bdb65732d0e537182dd46c170677256277bdb788bba393411ba0f1cc9c420df"}
{"contentLength":"38","duration":12,"level":"info","message":"GET /?token=0bdb65732d0e537182dd46c170677256277bdb788bba393411ba0f1cc9c420df","method":"GET","status":401,"timestamp":"2023-07-11 16:18:09","url":"/?token=0bdb65732d0e537182dd46c170677256277bdb788bba393411ba0f1cc9c420df"}
{"contentLength":"38","duration":5,"level":"info","message":"GET /?token=0bdb65732d0e537182dd46c170677256277bdb788bba393411ba0f1cc9c420df","method":"GET","status":401,"timestamp":"2023-07-11 16:18:34","url":"/?token=0bdb65732d0e537182dd46c170677256277bdb788bba393411ba0f1cc9c420df"}
{"contentLength":"38","duration":11,"level":"info","message":"GET /?token=0bdb65732d0e537182dd46c170677256277bdb788bba393411ba0f1cc9c420df","method":"GET","status":401,"timestamp":"2023-07-11 16:18:36","url":"/?token=0bdb65732d0e537182dd46c170677256277bdb788bba393411ba0f1cc9c420df"}
{"contentLength":"38","duration":5,"level":"info","message":"GET /?token=0bdb65732d0e537182dd46c170677256277bdb788bba393411ba0f1cc9c420df","method":"GET","status":401,"timestamp":"2023-07-11 16:18:48","url":"/?token=0bdb65732d0e537182dd46c170677256277bdb788bba393411ba0f1cc9c420df"}
{"contentLength":"38","duration":8,"level":"info","message":"GET /?token=0bdb65732d0e537182dd46c170677256277bdb788bba393411ba0f1cc9c420df","method":"GET","status":401,"timestamp":"2023-07-11 16:18:53","url":"/?token=0bdb65732d0e537182dd46c170677256277bdb788bba393411ba0f1cc9c420df"}
{"contentLength":"38","duration":13,"level":"info","message":"GET /?token=0bdb65732d0e537182dd46c170677256277bdb788bba393411ba0f1cc9c420df","method":"GET","status":401,"timestamp":"2023-07-11 16:19:33","url":"/?token=0bdb65732d0e537182dd46c170677256277bdb788bba393411ba0f1cc9c420df"}
{"contentLength":"38","duration":11,"level":"info","message":"GET /?token=0bdb65732d0e537182dd46c170677256277bdb788bba393411ba0f1cc9c420df","method":"GET","status":401,"timestamp":"2023-07-11 16:19:42","url":"/?token=0bdb65732d0e537182dd46c170677256277bdb788bba393411ba0f1cc9c420df"}
{"contentLength":"38","duration":6,"level":"info","message":"GET /?token=0bdb65732d0e537182dd46c170677256277bdb788bba393411ba0f1cc9c420df","method":"GET","status":401,"timestamp":"2023-07-11 16:19:45","url":"/?token=0bdb65732d0e537182dd46c170677256277bdb788bba393411ba0f1cc9c420df"}
{"contentLength":"38","duration":14,"level":"info","message":"GET /?token=0bdb65732d0e537182dd46c170677256277bdb788bba393411ba0f1cc9c420df","method":"GET","status":401,"timestamp":"2023-07-11 16:19:59","url":"/?token=0bdb65732d0e537182dd46c170677256277bdb788bba393411ba0f1cc9c420df"}
{"contentLength":"38","duration":9,"level":"info","message":"GET /?token=0bdb65732d0e537182dd46c170677256277bdb788bba393411ba0f1cc9c420df","method":"GET","status":401,"timestamp":"2023-07-11 16:20:08","url":"/?token=0bdb65732d0e537182dd46c170677256277bdb788bba393411ba0f1cc9c420df"}
{"contentLength":"38","duration":7,"level":"info","message":"GET /?token=0bdb65732d0e537182dd46c170677256277bdb788bba393411ba0f1cc9c420df","method":"GET","status":401,"timestamp":"2023-07-11 16:20:36","url":"/?token=0bdb65732d0e537182dd46c170677256277bdb788bba393411ba0f1cc9c420df"}
{"contentLength":"38","duration":10,"level":"info","message":"GET /?token=0bdb65732d0e537182dd46c170677256277bdb788bba393411ba0f1cc9c420df","method":"GET","status":401,"timestamp":"2023-07-11 16:20:40","url":"/?token=0bdb65732d0e537182dd46c170677256277bdb788bba393411ba0f1cc9c420df"}
{"contentLength":"38","duration":12,"level":"info","message":"GET /?token=0bdb65732d0e537182dd46c170677256277bdb788bba393411ba0f1cc9c420df","method":"GET","status":401,"timestamp":"2023-07-11 16:20:42","url":"/?token=0bdb65732d0e537182dd46c170677256277bdb788bba393411ba0f1cc9c420df"}
{"contentLength":"38","duration":7,"level":"info","message":"GET /?token=0bdb65732d0e537182dd46c170677256277bdb788bba393411ba0f1cc9c420df","method":"GET","status":401,"timestamp":"2023-07-11 16:20:51","url":"/?token=0bdb65732d0e537182dd46c170677256277bdb788bba393411ba0f1cc9c420df"}
{"contentLength":"38","duration":11,"level":"info","message":"GET /?token=0bdb65732d0e537182dd46c170677256277bdb788bba393411ba0f1cc9c420df","method":"GET","status":401,"timestamp":"2023-07-11 16:20:54","url":"/?token=0bdb65732d0e537182dd46c170677256277bdb788bba393411ba0f1cc9c420df"}
{"contentLength":"38","duration":15,"level":"info","message":"GET /?token=0bdb65732d0e537182dd46c170677256277bdb788bba393411ba0f1cc9c420df","method":"GET","status":401,"timestamp":"2023-07-11 16:21:06","url":"/?token=0bdb65732d0e537182dd46c170677256277bdb788bba393411ba0f1cc9c420df"}
{"contentLength":"38","duration":5,"level":"info","message":"GET /?token=0bdb65732d0e537182dd46c170677256277bdb788bba393411ba0f1cc9c420df","method":"GET","status":401,"timestamp":"2023-07-11 16:21:08","url":"/?token=0bdb65732d0e537182dd46c170677256277bdb788bba393411ba0f1cc9c420df"}
{"contentLength":"38","duration":6,"level":"info","message":"GET /?token=0bdb65732d0e537182dd46c170677256277bdb788bba393411ba0f1cc9c420df","method":"GET","status":401,"timestamp":"2023-07-11 16:21:09","url":"/?token=0bdb65732d0e537182dd46c170677256277bdb788bba393411ba0f1cc9c420df"}
{"contentLength":"38","duration":3,"level":"info","message":"GET /?token=0bdb65732d0e537182dd46c170677256277bdb788bba393411ba0f1cc9c420df","method":"GET","status":401,"timestamp":"2023-07-11 16:21:09","url":"/?token=0bdb65732d0e537182dd46c170677256277bdb788bba393411ba0f1cc9c420df"}
{"contentLength":"38","duration":16,"level":"info","message":"GET /?token=0bdb65732d0e537182dd46c170677256277bdb788bba393411ba0f1cc9c420df","method":"GET","status":401,"timestamp":"2023-07-11 16:21:21","url":"/?token=0bdb65732d0e537182dd46c170677256277bdb788bba393411ba0f1cc9c420df"}
{"contentLength":"38","duration":6,"level":"info","message":"GET /?token=0bdb65732d0e537182dd46c170677256277bdb788bba393411ba0f1cc9c420df","method":"GET","status":401,"timestamp":"2023-07-11 16:21:23","url":"/?token=0bdb65732d0e537182dd46c170677256277bdb788bba393411ba0f1cc9c420df"}
{"contentLength":"38","duration":7,"level":"info","message":"GET /?token=0bdb65732d0e537182dd46c170677256277bdb788bba393411ba0f1cc9c420df","method":"GET","status":401,"timestamp":"2023-07-11 16:21:24","url":"/?token=0bdb65732d0e537182dd46c170677256277bdb788bba393411ba0f1cc9c420df"}
{"contentLength":"38","duration":6,"level":"info","message":"GET /?token=0bdb65732d0e537182dd46c170677256277bdb788bba393411ba0f1cc9c420df","method":"GET","status":401,"timestamp":"2023-07-11 16:21:25","url":"/?token=0bdb65732d0e537182dd46c170677256277bdb788bba393411ba0f1cc9c420df"}
{"contentLength":"38","duration":9,"level":"info","message":"GET /?token=0bdb65732d0e537182dd46c170677256277bdb788bba393411ba0f1cc9c420df","method":"GET","status":401,"timestamp":"2023-07-11 16:26:12","url":"/?token=0bdb65732d0e537182dd46c170677256277bdb788bba393411ba0f1cc9c420df"}
{"contentLength":3814,"duration":19,"level":"info","message":"GET /apireport/api/movement?token=0bdb65732d0e537182dd46c170677256277bdb788bba393411ba0f1cc9c420df","method":"GET","status":500,"timestamp":"2023-07-11 16:27:24","url":"/apireport/api/movement?token=0bdb65732d0e537182dd46c170677256277bdb788bba393411ba0f1cc9c420df"}
{"contentLength":"38","duration":220,"level":"info","message":"GET /?token=0bdb65732d0e537182dd46c170677256277bdb788bba393411ba0f1cc9c420df","method":"GET","status":401,"timestamp":"2023-07-11 16:35:52","url":"/?token=0bdb65732d0e537182dd46c170677256277bdb788bba393411ba0f1cc9c420df"}
{"contentLength":"38","duration":123,"level":"info","message":"GET /?token=0bdb65732d0e537182dd46c170677256277bdb788bba393411ba0f1cc9c420df","method":"GET","status":401,"timestamp":"2023-07-11 16:35:53","url":"/?token=0bdb65732d0e537182dd46c170677256277bdb788bba393411ba0f1cc9c420df"}
{"contentLength":"38","duration":130,"level":"info","message":"GET /?token=0bdb65732d0e537182dd46c170677256277bdb788bba393411ba0f1cc9c420df","method":"GET","status":401,"timestamp":"2023-07-11 16:36:07","url":"/?token=0bdb65732d0e537182dd46c170677256277bdb788bba393411ba0f1cc9c420df"}
{"contentLength":"38","duration":135,"level":"info","message":"GET /?token=0bdb65732d0e537182dd46c170677256277bdb788bba393411ba0f1cc9c420df","method":"GET","status":401,"timestamp":"2023-07-11 16:36:08","url":"/?token=0bdb65732d0e537182dd46c170677256277bdb788bba393411ba0f1cc9c420df"}
{"contentLength":"38","duration":166,"level":"info","message":"GET /?token=0bdb65732d0e537182dd46c170677256277bdb788bba393411ba0f1cc9c420df","method":"GET","status":401,"timestamp":"2023-07-11 16:36:09","url":"/?token=0bdb65732d0e537182dd46c170677256277bdb788bba393411ba0f1cc9c420df"}
{"contentLength":"38","duration":167,"level":"info","message":"GET /?token=0c19dc28f81f7a0a0201676d0143bc30d5efbee5170a732c06c6dd627201e12e","method":"GET","status":401,"timestamp":"2023-07-11 16:36:21","url":"/?token=0c19dc28f81f7a0a0201676d0143bc30d5efbee5170a732c06c6dd627201e12e"}
{"contentLength":"38","duration":140,"level":"info","message":"GET /?token=0c19dc28f81f7a0a0201676d0143bc30d5efbee5170a732c06c6dd627201e12e","method":"GET","status":401,"timestamp":"2023-07-11 16:36:27","url":"/?token=0c19dc28f81f7a0a0201676d0143bc30d5efbee5170a732c06c6dd627201e12e"}
{"contentLength":"995","duration":446,"level":"info","message":"GET /?token=0c19dc28f81f7a0a0201676d0143bc30d5efbee5170a732c06c6dd627201e12e","method":"GET","status":200,"timestamp":"2023-07-11 16:37:57","url":"/?token=0c19dc28f81f7a0a0201676d0143bc30d5efbee5170a732c06c6dd627201e12e"}
{"contentLength":"995","duration":2591,"level":"info","message":"GET /?token=0c19dc28f81f7a0a0201676d0143bc30d5efbee5170a732c06c6dd627201e12e","method":"GET","status":200,"timestamp":"2023-07-11 16:38:32","url":"/?token=0c19dc28f81f7a0a0201676d0143bc30d5efbee5170a732c06c6dd627201e12e"}
{"contentLength":"59","duration":76,"level":"info","message":"GET /active?token=0c19dc28f81f7a0a0201676d0143bc30d5efbee5170a732c06c6dd627201e12e","method":"GET","status":500,"timestamp":"2023-07-11 16:39:32","url":"/active?token=0c19dc28f81f7a0a0201676d0143bc30d5efbee5170a732c06c6dd627201e12e"}
{"contentLength":"47671","duration":971,"level":"info","message":"GET /?token=0c19dc28f81f7a0a0201676d0143bc30d5efbee5170a732c06c6dd627201e12e","method":"GET","status":200,"timestamp":"2023-07-11 17:01:53","url":"/?token=0c19dc28f81f7a0a0201676d0143bc30d5efbee5170a732c06c6dd627201e12e"}
{"contentLength":"47671","duration":1149,"level":"info","message":"GET /?token=0c19dc28f81f7a0a0201676d0143bc30d5efbee5170a732c06c6dd627201e12e","method":"GET","status":200,"timestamp":"2023-07-12 09:17:48","url":"/?token=0c19dc28f81f7a0a0201676d0143bc30d5efbee5170a732c06c6dd627201e12e"}
{"contentLength":161,"duration":10,"level":"info","message":"GET /apireport/api/movement?token=0c19dc28f81f7a0a0201676d0143bc30d5efbee5170a732c06c6dd627201e12e","method":"GET","status":404,"timestamp":"2023-07-12 09:18:27","url":"/apireport/api/movement?token=0c19dc28f81f7a0a0201676d0143bc30d5efbee5170a732c06c6dd627201e12e"}
{"contentLength":161,"duration":2,"level":"info","message":"GET /apireport/api/movement?token=0c19dc28f81f7a0a0201676d0143bc30d5efbee5170a732c06c6dd627201e12e","method":"GET","status":404,"timestamp":"2023-07-12 09:18:30","url":"/apireport/api/movement?token=0c19dc28f81f7a0a0201676d0143bc30d5efbee5170a732c06c6dd627201e12e"}
{"contentLength":161,"duration":2,"level":"info","message":"GET /apireport/api/movement?token=0c19dc28f81f7a0a0201676d0143bc30d5efbee5170a732c06c6dd627201e12e","method":"GET","status":404,"timestamp":"2023-07-12 09:18:32","url":"/apireport/api/movement?token=0c19dc28f81f7a0a0201676d0143bc30d5efbee5170a732c06c6dd627201e12e"}
{"contentLength":"995","duration":519,"level":"info","message":"GET /?token=0c19dc28f81f7a0a0201676d0143bc30d5efbee5170a732c06c6dd627201e12e","method":"GET","status":200,"timestamp":"2023-07-12 09:18:38","url":"/?token=0c19dc28f81f7a0a0201676d0143bc30d5efbee5170a732c06c6dd627201e12e"}
{"contentLength":"995","duration":480,"level":"info","message":"GET /?token=0c19dc28f81f7a0a0201676d0143bc30d5efbee5170a732c06c6dd627201e12e","method":"GET","status":200,"timestamp":"2023-07-12 09:18:44","url":"/?token=0c19dc28f81f7a0a0201676d0143bc30d5efbee5170a732c06c6dd627201e12e"}
{"contentLength":"995","duration":394,"level":"info","message":"GET /?token=0c19dc28f81f7a0a0201676d0143bc30d5efbee5170a732c06c6dd627201e12e","method":"GET","status":200,"timestamp":"2023-07-12 09:18:45","url":"/?token=0c19dc28f81f7a0a0201676d0143bc30d5efbee5170a732c06c6dd627201e12e"}
{"contentLength":"995","duration":432,"level":"info","message":"GET /?token=0c19dc28f81f7a0a0201676d0143bc30d5efbee5170a732c06c6dd627201e12e","method":"GET","status":200,"timestamp":"2023-07-12 09:19:02","url":"/?token=0c19dc28f81f7a0a0201676d0143bc30d5efbee5170a732c06c6dd627201e12e"}
{"contentLength":"995","duration":424,"level":"info","message":"GET /?token=0c19dc28f81f7a0a0201676d0143bc30d5efbee5170a732c06c6dd627201e12e","method":"GET","status":200,"timestamp":"2023-07-12 09:19:06","url":"/?token=0c19dc28f81f7a0a0201676d0143bc30d5efbee5170a732c06c6dd627201e12e"}
{"contentLength":"995","duration":411,"level":"info","message":"GET /?token=0c19dc28f81f7a0a0201676d0143bc30d5efbee5170a732c06c6dd627201e12e","method":"GET","status":200,"timestamp":"2023-07-12 09:19:10","url":"/?token=0c19dc28f81f7a0a0201676d0143bc30d5efbee5170a732c06c6dd627201e12e"}
{"contentLength":3814,"duration":3,"level":"info","message":"GET /api/report/movement?token=0c19dc28f81f7a0a0201676d0143bc30d5efbee5170a732c06c6dd627201e12e","method":"GET","status":500,"timestamp":"2023-07-12 09:19:14","url":"/api/report/movement?token=0c19dc28f81f7a0a0201676d0143bc30d5efbee5170a732c06c6dd627201e12e"}
{"contentLength":3814,"duration":3,"level":"info","message":"GET /api/report/movement?token=0c19dc28f81f7a0a0201676d0143bc30d5efbee5170a732c06c6dd627201e12e","method":"GET","status":500,"timestamp":"2023-07-12 09:19:14","url":"/api/report/movement?token=0c19dc28f81f7a0a0201676d0143bc30d5efbee5170a732c06c6dd627201e12e"}
{"contentLength":"995","duration":411,"level":"info","message":"GET /?token=0c19dc28f81f7a0a0201676d0143bc30d5efbee5170a732c06c6dd627201e12e","method":"GET","status":200,"timestamp":"2023-07-12 09:19:16","url":"/?token=0c19dc28f81f7a0a0201676d0143bc30d5efbee5170a732c06c6dd627201e12e"}
{"contentLength":"995","duration":523,"level":"info","message":"GET /?token=0c19dc28f81f7a0a0201676d0143bc30d5efbee5170a732c06c6dd627201e12e","method":"GET","status":200,"timestamp":"2023-07-12 09:19:16","url":"/?token=0c19dc28f81f7a0a0201676d0143bc30d5efbee5170a732c06c6dd627201e12e"}
{"contentLength":"995","duration":525,"level":"info","message":"GET /?token=0c19dc28f81f7a0a0201676d0143bc30d5efbee5170a732c06c6dd627201e12e","method":"GET","status":200,"timestamp":"2023-07-12 09:19:18","url":"/?token=0c19dc28f81f7a0a0201676d0143bc30d5efbee5170a732c06c6dd627201e12e"}
{"contentLength":161,"duration":6,"level":"info","message":"GET /apireport/api/movement?token=0c19dc28f81f7a0a0201676d0143bc30d5efbee5170a732c06c6dd627201e12e","method":"GET","status":404,"timestamp":"2023-07-12 09:36:29","url":"/apireport/api/movement?token=0c19dc28f81f7a0a0201676d0143bc30d5efbee5170a732c06c6dd627201e12e"}
{"contentLength":161,"duration":4,"level":"info","message":"GET /apireport/api/movement?token=0c19dc28f81f7a0a0201676d0143bc30d5efbee5170a732c06c6dd627201e12e","method":"GET","status":404,"timestamp":"2023-07-12 09:36:31","url":"/apireport/api/movement?token=0c19dc28f81f7a0a0201676d0143bc30d5efbee5170a732c06c6dd627201e12e"}
{"contentLength":"995","duration":916,"level":"info","message":"GET /?token=0c19dc28f81f7a0a0201676d0143bc30d5efbee5170a732c06c6dd627201e12e","method":"GET","status":200,"timestamp":"2023-07-12 09:36:38","url":"/?token=0c19dc28f81f7a0a0201676d0143bc30d5efbee5170a732c06c6dd627201e12e"}
{"contentLength":161,"duration":11,"level":"info","message":"GET /apireport/api/movement?token=0c19dc28f81f7a0a0201676d0143bc30d5efbee5170a732c06c6dd627201e12e","method":"GET","status":404,"timestamp":"2023-07-12 10:13:45","url":"/apireport/api/movement?token=0c19dc28f81f7a0a0201676d0143bc30d5efbee5170a732c06c6dd627201e12e"}
{"contentLength":161,"duration":1,"level":"info","message":"GET /apireport/api/movement?token=0bdb65732d0e537182dd46c170677256277bdb788bba393411ba0f1cc9c420df","method":"GET","status":404,"timestamp":"2023-07-12 10:13:47","url":"/apireport/api/movement?token=0bdb65732d0e537182dd46c170677256277bdb788bba393411ba0f1cc9c420df"}
{"contentLength":161,"duration":1,"level":"info","message":"GET /apireport/api/movement?token=0c19dc28f81f7a0a0201676d0143bc30d5efbee5170a732c06c6dd627201e12e","method":"GET","status":404,"timestamp":"2023-07-12 10:13:47","url":"/apireport/api/movement?token=0c19dc28f81f7a0a0201676d0143bc30d5efbee5170a732c06c6dd627201e12e"}
{"contentLength":"995","duration":1029,"level":"info","message":"GET /?token=0c19dc28f81f7a0a0201676d0143bc30d5efbee5170a732c06c6dd627201e12e","method":"GET","status":200,"timestamp":"2023-07-12 10:13:48","url":"/?token=0c19dc28f81f7a0a0201676d0143bc30d5efbee5170a732c06c6dd627201e12e"}
{"contentLength":"995","duration":556,"level":"info","message":"GET /?token=0c19dc28f81f7a0a0201676d0143bc30d5efbee5170a732c06c6dd627201e12e","method":"GET","status":200,"timestamp":"2023-07-12 11:39:15","url":"/?token=0c19dc28f81f7a0a0201676d0143bc30d5efbee5170a732c06c6dd627201e12e"}
{"contentLength":"995","duration":397,"level":"info","message":"GET /?token=0c19dc28f81f7a0a0201676d0143bc30d5efbee5170a732c06c6dd627201e12e","method":"GET","status":200,"timestamp":"2023-07-12 11:39:17","url":"/?token=0c19dc28f81f7a0a0201676d0143bc30d5efbee5170a732c06c6dd627201e12e"}
{"contentLength":"995","duration":702,"level":"info","message":"GET /?token=0c19dc28f81f7a0a0201676d0143bc30d5efbee5170a732c06c6dd627201e12e","method":"GET","status":200,"timestamp":"2023-07-12 11:39:39","url":"/?token=0c19dc28f81f7a0a0201676d0143bc30d5efbee5170a732c06c6dd627201e12e"}
{"contentLength":"995","duration":475,"level":"info","message":"GET /?token=0c19dc28f81f7a0a0201676d0143bc30d5efbee5170a732c06c6dd627201e12e","method":"GET","status":200,"timestamp":"2023-07-12 11:39:57","url":"/?token=0c19dc28f81f7a0a0201676d0143bc30d5efbee5170a732c06c6dd627201e12e"}
{"contentLength":"995","duration":481,"level":"info","message":"GET /?token=0c19dc28f81f7a0a0201676d0143bc30d5efbee5170a732c06c6dd627201e12e","method":"GET","status":200,"timestamp":"2023-07-12 11:40:05","url":"/?token=0c19dc28f81f7a0a0201676d0143bc30d5efbee5170a732c06c6dd627201e12e"}
{"contentLength":"38","duration":11,"level":"info","message":"GET /?token=0c19dc28f81f7a0a0201676d0143bc30d5efbee5170a732c06c6dd627201e12e","method":"GET","status":401,"timestamp":"2023-07-12 11:40:22","url":"/?token=0c19dc28f81f7a0a0201676d0143bc30d5efbee5170a732c06c6dd627201e12e"}
{"contentLength":"38","duration":4,"level":"info","message":"GET /?token=0c19dc28f81f7a0a0201676d0143bc30d5efbee5170a732c06c6dd627201e12e","method":"GET","status":401,"timestamp":"2023-07-12 11:40:25","url":"/?token=0c19dc28f81f7a0a0201676d0143bc30d5efbee5170a732c06c6dd627201e12e"}
{"contentLength":"38","duration":4,"level":"info","message":"GET /?token=0c19dc28f81f7a0a0201676d0143bc30d5efbee5170a732c06c6dd627201e12e","method":"GET","status":401,"timestamp":"2023-07-12 11:40:26","url":"/?token=0c19dc28f81f7a0a0201676d0143bc30d5efbee5170a732c06c6dd627201e12e"}
{"contentLength":"995","duration":511,"level":"info","message":"GET /?token=0c19dc28f81f7a0a0201676d0143bc30d5efbee5170a732c06c6dd627201e12e","method":"GET","status":200,"timestamp":"2023-07-12 11:40:53","url":"/?token=0c19dc28f81f7a0a0201676d0143bc30d5efbee5170a732c06c6dd627201e12e"}
{"contentLength":161,"duration":7,"level":"info","message":"GET /apireport/api/movement?token=0bdb65732d0e537182dd46c170677256277bdb788bba393411ba0f1cc9c420df","method":"GET","status":404,"timestamp":"2023-07-18 09:14:50","url":"/apireport/api/movement?token=0bdb65732d0e537182dd46c170677256277bdb788bba393411ba0f1cc9c420df"}
{"contentLength":"38","duration":240,"level":"info","message":"GET /?token=0bdb65732d0e537182dd46c170677256277bdb788bba393411ba0f1cc9c420df","method":"GET","status":401,"timestamp":"2023-07-18 09:14:55","url":"/?token=0bdb65732d0e537182dd46c170677256277bdb788bba393411ba0f1cc9c420df"}
{"contentLength":150,"duration":0,"level":"info","message":"GET /favicon.ico","method":"GET","status":404,"timestamp":"2023-07-18 09:14:55","url":"/favicon.ico"}
{"contentLength":"26","duration":421,"level":"info","message":"GET /?token=9cbab480c06857c26b4ce9b7dc2bc89000fc6228a30ceefdf50c03514910c319","method":"GET","status":200,"timestamp":"2023-07-18 09:14:57","url":"/?token=9cbab480c06857c26b4ce9b7dc2bc89000fc6228a30ceefdf50c03514910c319"}
{"duration":408,"level":"info","message":"GET /?token=9cbab480c06857c26b4ce9b7dc2bc89000fc6228a30ceefdf50c03514910c319","method":"GET","status":304,"timestamp":"2023-07-18 09:15:00","url":"/?token=9cbab480c06857c26b4ce9b7dc2bc89000fc6228a30ceefdf50c03514910c319"}
